
  .   ____          _            __ _ _
 /\\ / ___'_ __ _ _(_)_ __  __ _ \ \ \ \
( ( )\___ | '_ | '_| | '_ \/ _` | \ \ \ \
 \\/  ___)| |_)| | | | | || (_| |  ) ) ) )
  '  |____| .__|_| |_|_| |_\__, | / / / /
 =========|_|==============|___/=/_/_/_/

 :: Spring Boot ::                (v3.3.6)

2026-04-15T11:57:47.943+08:00  INFO 49792 --- [iot-access-service] [           main] c.s.iotaccess.IotAccessApplication       : Starting IotAccessApplication using Java 21.0.4 with PID 49792 (D:\Desktop\大三下\学校实习\code\Dapeng\backend\agri-services\iot-access-service\target\iot-access-service-0.1.0-SNAPSHOT.jar started by ryz in D:\Desktop\大三下\学校实习\code\Dapeng\backend\agri-services\iot-access-service)
2026-04-15T11:57:47.948+08:00  INFO 49792 --- [iot-access-service] [           main] c.s.iotaccess.IotAccessApplication       : No active profile set, falling back to 1 default profile: "default"
2026-04-15T11:57:49.473+08:00  INFO 49792 --- [iot-access-service] [           main] .s.d.r.c.RepositoryConfigurationDelegate : Bootstrapping Spring Data JPA repositories in DEFAULT mode.
2026-04-15T11:57:49.556+08:00  INFO 49792 --- [iot-access-service] [           main] .s.d.r.c.RepositoryConfigurationDelegate : Finished Spring Data repository scanning in 69 ms. Found 2 JPA repository interfaces.
2026-04-15T11:57:50.565+08:00  INFO 49792 --- [iot-access-service] [           main] o.s.b.w.embedded.tomcat.TomcatWebServer  : Tomcat initialized with port 18082 (http)
2026-04-15T11:57:50.607+08:00  INFO 49792 --- [iot-access-service] [           main] o.apache.catalina.core.StandardService   : Starting service [Tomcat]
2026-04-15T11:57:50.608+08:00  INFO 49792 --- [iot-access-service] [           main] o.apache.catalina.core.StandardEngine    : Starting Servlet engine: [Apache Tomcat/10.1.33]
2026-04-15T11:57:50.709+08:00  INFO 49792 --- [iot-access-service] [           main] o.a.c.c.C.[Tomcat].[localhost].[/]       : Initializing Spring embedded WebApplicationContext
2026-04-15T11:57:50.711+08:00  INFO 49792 --- [iot-access-service] [           main] w.s.c.ServletWebServerApplicationContext : Root WebApplicationContext: initialization completed in 2690 ms
2026-04-15T11:57:50.975+08:00  INFO 49792 --- [iot-access-service] [           main] o.hibernate.jpa.internal.util.LogHelper  : HHH000204: Processing PersistenceUnitInfo [name: default]
2026-04-15T11:57:51.129+08:00  INFO 49792 --- [iot-access-service] [           main] org.hibernate.Version                    : HHH000412: Hibernate ORM core version 6.5.3.Final
2026-04-15T11:57:51.199+08:00  INFO 49792 --- [iot-access-service] [           main] o.h.c.internal.RegionFactoryInitiator    : HHH000026: Second-level cache disabled
2026-04-15T11:57:51.618+08:00  INFO 49792 --- [iot-access-service] [           main] o.s.o.j.p.SpringPersistenceUnitInfo      : No LoadTimeWeaver setup: ignoring JPA class transformer
2026-04-15T11:57:51.659+08:00  INFO 49792 --- [iot-access-service] [           main] com.zaxxer.hikari.HikariDataSource       : HikariPool-1 - Starting...
2026-04-15T11:57:51.678+08:00  INFO 49792 --- [iot-access-service] [           main] com.zaxxer.hikari.HikariDataSource       : HikariPool-1 - Start completed.
2026-04-15T11:57:53.004+08:00  INFO 49792 --- [iot-access-service] [           main] o.h.e.t.j.p.i.JtaPlatformInitiator       : HHH000489: No JTA platform available (set 'hibernate.transaction.jta.platform' to enable JTA platform integration)
2026-04-15T11:57:53.073+08:00 DEBUG 49792 --- [iot-access-service] [           main] org.hibernate.SQL                        : create table iot_device_command_log (id bigint generated by default as identity, cloud_command_id varchar(64), command_payload TEXT, command_type varchar(64) not null, created_at timestamp(6) not null, device_id varchar(64) not null, error_message varchar(255), request_id varchar(64), status varchar(32) not null, updated_at timestamp(6), primary key (id))
2026-04-15T11:57:53.085+08:00 DEBUG 49792 --- [iot-access-service] [           main] org.hibernate.SQL                        : create table iot_device_telemetry (id bigint generated by default as identity, device_id varchar(64) not null, humidity float(53), led_status varchar(32), luminance float(53), motor_status varchar(32), raw_payload TEXT, report_time timestamp(6) not null, service_id varchar(64), temperature float(53), primary key (id))
2026-04-15T11:57:53.089+08:00  INFO 49792 --- [iot-access-service] [           main] j.LocalContainerEntityManagerFactoryBean : Initialized JPA EntityManagerFactory for persistence unit 'default'
2026-04-15T11:57:55.904+08:00  INFO 49792 --- [iot-access-service] [cloud.com:5671]] org.apache.qpid.jms.JmsConnection        : Connection ID:5fe99a31-839e-4cb3-9ee3-3c6e26d3c901:1 connected to server: amqps://6c48cc4953.st1.iotda-app.cn-north-4.myhuaweicloud.com:5671
2026-04-15T11:57:56.087+08:00  INFO 49792 --- [iot-access-service] [           main] c.s.i.config.HuaweiAmqpConsumerConfig    : Huawei AMQP consumer started, queue=bearpi-update
2026-04-15T11:57:56.994+08:00  INFO 49792 --- [iot-access-service] [           main] o.s.b.w.embedded.tomcat.TomcatWebServer  : Tomcat started on port 18082 (http) with context path '/'
2026-04-15T11:57:57.021+08:00  INFO 49792 --- [iot-access-service] [           main] c.s.iotaccess.IotAccessApplication       : Started IotAccessApplication in 9.811 seconds (process running for 11.228)
