Picked up JAVA_TOOL_OPTIONS: -Dstdout.encoding=UTF-8 -Dstderr.encoding=UTF-8
[INFO] Scanning for projects...
Downloading from central: https://repo.maven.apache.org/maven2/org/springframework/boot/maven-metadata.xml
Downloading from central: https://repo.maven.apache.org/maven2/org/codehaus/mojo/maven-metadata.xml
Downloading from central: https://repo.maven.apache.org/maven2/org/apache/maven/plugins/maven-metadata.xml
Progress (1): 249 BProgress (2): 249 B | 4.6 kBProgress (2): 249 B | 9.7 kBProgress (2): 249 B | 14 kB Progress (3): 249 B | 14 kB | 3.1 kBProgress (3): 249 B | 14 kB | 7.7 kBProgress (3): 249 B | 14 kB | 12 kB                                    Downloaded from central: https://repo.maven.apache.org/maven2/org/springframework/boot/maven-metadata.xml (249 B at 273 B/s)
Progress (2): 14 kB | 17 kBProgress (2): 14 kB | 20 kBProgress (2): 14 kB | 21 kB                           Downloaded from central: https://repo.maven.apache.org/maven2/org/apache/maven/plugins/maven-metadata.xml (14 kB at 16 kB/s)
Downloaded from central: https://repo.maven.apache.org/maven2/org/codehaus/mojo/maven-metadata.xml (21 kB at 18 kB/s)
[INFO] 
[INFO] ------------< com.smartagri:threshold-alert-audit-service >-------------
[INFO] Building threshold-alert-audit-service 0.1.0-SNAPSHOT
[INFO]   from pom.xml
[INFO] --------------------------------[ jar ]---------------------------------
[INFO] 
[INFO] >>> spring-boot:3.3.6:run (default-cli) > test-compile @ threshold-alert-audit-service >>>
[INFO] 
[INFO] --- resources:3.4.0:resources (default-resources) @ threshold-alert-audit-service ---
[INFO] Copying 2 resources from src\main\resources to target\classes
[INFO] 
[INFO] --- compiler:3.13.0:compile (default-compile) @ threshold-alert-audit-service ---
[INFO] Recompiling the module because of added or removed source files.
[INFO] Compiling 20 source files with javac [debug release 21] to target\classes
[INFO] 由于在类路径中发现了一个或多个处理程序，因此启用了
  批注处理。未来发行版的 javac 可能会禁用批注处理，
  除非至少按名称指定了一个处理程序 (-processor)，
  或指定了搜索路径 (--processor-path, --processor-module-path)，
  或显式启用了批注处理 (-proc:only, -proc:full)。
  可使用 -Xlint:-options 隐藏此消息。
  可使用 -proc:none 禁用批注处理。
[INFO] 
[INFO] --- resources:3.4.0:testResources (default-testResources) @ threshold-alert-audit-service ---
[INFO] skip non existing resourceDirectory D:\Program Files\Git\BearPi-agri\backend\agri-services\threshold-alert-audit-service\src\test\resources
[INFO] 
[INFO] --- compiler:3.13.0:testCompile (default-testCompile) @ threshold-alert-audit-service ---
[INFO] Recompiling the module because of changed dependency.
[INFO] Compiling 1 source file with javac [debug release 21] to target\test-classes
[INFO] 由于在类路径中发现了一个或多个处理程序，因此启用了
  批注处理。未来发行版的 javac 可能会禁用批注处理，
  除非至少按名称指定了一个处理程序 (-processor)，
  或指定了搜索路径 (--processor-path, --processor-module-path)，
  或显式启用了批注处理 (-proc:only, -proc:full)。
  可使用 -Xlint:-options 隐藏此消息。
  可使用 -proc:none 禁用批注处理。
[INFO] 
[INFO] <<< spring-boot:3.3.6:run (default-cli) < test-compile @ threshold-alert-audit-service <<<
[INFO] 
[INFO] 
[INFO] --- spring-boot:3.3.6:run (default-cli) @ threshold-alert-audit-service ---
[INFO] Attaching agents: []
Picked up JAVA_TOOL_OPTIONS: -Dstdout.encoding=UTF-8 -Dstderr.encoding=UTF-8

  .   ____          _            __ _ _
 /\\ / ___'_ __ _ _(_)_ __  __ _ \ \ \ \
( ( )\___ | '_ | '_| | '_ \/ _` | \ \ \ \
 \\/  ___)| |_)| | | | | || (_| |  ) ) ) )
  '  |____| .__|_| |_|_| |_\__, | / / / /
 =========|_|==============|___/=/_/_/_/

 :: Spring Boot ::                (v3.3.6)

2026-04-17T09:10:45.478+08:00  INFO 24344 --- [threshold-alert-audit-service] [           main] c.s.t.ThresholdAlertAuditApplication     : Starting ThresholdAlertAuditApplication using Java 21.0.4 with PID 24344 (D:\Program Files\Git\BearPi-agri\backend\agri-services\threshold-alert-audit-service\target\classes started by CCcha in D:\Program Files\Git\BearPi-agri\backend\agri-services\threshold-alert-audit-service)
2026-04-17T09:10:45.478+08:00  INFO 24344 --- [threshold-alert-audit-service] [           main] c.s.t.ThresholdAlertAuditApplication     : No active profile set, falling back to 1 default profile: "default"
2026-04-17T09:10:45.913+08:00  INFO 24344 --- [threshold-alert-audit-service] [           main] .s.d.r.c.RepositoryConfigurationDelegate : Bootstrapping Spring Data JPA repositories in DEFAULT mode.
2026-04-17T09:10:45.957+08:00  INFO 24344 --- [threshold-alert-audit-service] [           main] .s.d.r.c.RepositoryConfigurationDelegate : Finished Spring Data repository scanning in 41 ms. Found 3 JPA repository interfaces.
2026-04-17T09:10:46.330+08:00  INFO 24344 --- [threshold-alert-audit-service] [           main] o.s.b.w.embedded.tomcat.TomcatWebServer  : Tomcat initialized with port 8085 (http)
2026-04-17T09:10:46.344+08:00  INFO 24344 --- [threshold-alert-audit-service] [           main] o.apache.catalina.core.StandardService   : Starting service [Tomcat]
2026-04-17T09:10:46.344+08:00  INFO 24344 --- [threshold-alert-audit-service] [           main] o.apache.catalina.core.StandardEngine    : Starting Servlet engine: [Apache Tomcat/10.1.33]
2026-04-17T09:10:46.434+08:00  INFO 24344 --- [threshold-alert-audit-service] [           main] o.a.c.c.C.[Tomcat].[localhost].[/]       : Initializing Spring embedded WebApplicationContext
2026-04-17T09:10:46.434+08:00  INFO 24344 --- [threshold-alert-audit-service] [           main] w.s.c.ServletWebServerApplicationContext : Root WebApplicationContext: initialization completed in 928 ms
2026-04-17T09:10:46.539+08:00  INFO 24344 --- [threshold-alert-audit-service] [           main] o.hibernate.jpa.internal.util.LogHelper  : HHH000204: Processing PersistenceUnitInfo [name: default]
2026-04-17T09:10:46.579+08:00  INFO 24344 --- [threshold-alert-audit-service] [           main] org.hibernate.Version                    : HHH000412: Hibernate ORM core version 6.5.3.Final
2026-04-17T09:10:46.602+08:00  INFO 24344 --- [threshold-alert-audit-service] [           main] o.h.c.internal.RegionFactoryInitiator    : HHH000026: Second-level cache disabled
2026-04-17T09:10:46.781+08:00  INFO 24344 --- [threshold-alert-audit-service] [           main] o.s.o.j.p.SpringPersistenceUnitInfo      : No LoadTimeWeaver setup: ignoring JPA class transformer
2026-04-17T09:10:46.800+08:00  INFO 24344 --- [threshold-alert-audit-service] [           main] com.zaxxer.hikari.HikariDataSource       : HikariPool-1 - Starting...
2026-04-17T09:10:46.813+08:00  INFO 24344 --- [threshold-alert-audit-service] [           main] com.zaxxer.hikari.HikariDataSource       : HikariPool-1 - Start completed.
2026-04-17T09:10:47.549+08:00  INFO 24344 --- [threshold-alert-audit-service] [           main] o.h.e.t.j.p.i.JtaPlatformInitiator       : HHH000489: No JTA platform available (set 'hibernate.transaction.jta.platform' to enable JTA platform integration)
2026-04-17T09:10:47.849+08:00  INFO 24344 --- [threshold-alert-audit-service] [           main] j.LocalContainerEntityManagerFactoryBean : Initialized JPA EntityManagerFactory for persistence unit 'default'
2026-04-17T09:10:48.493+08:00  INFO 24344 --- [threshold-alert-audit-service] [           main] o.s.b.w.embedded.tomcat.TomcatWebServer  : Tomcat started on port 8085 (http) with context path '/'
2026-04-17T09:10:48.501+08:00  INFO 24344 --- [threshold-alert-audit-service] [           main] c.s.t.ThresholdAlertAuditApplication     : Started ThresholdAlertAuditApplication in 3.285 seconds (process running for 3.66)
2026-04-17T09:10:58.718+08:00  INFO 24344 --- [threshold-alert-audit-service] [   scheduling-1] c.s.t.service.ThresholdAutoPollService   : 自动轮询任务开始: enabledDevices=1, intervalMinutes=1, schedulerTickMs=5000
2026-04-17T09:10:59.122+08:00  INFO 24344 --- [threshold-alert-audit-service] [   scheduling-1] c.s.t.service.ThresholdAlertService      : 阈值告警灯光循环任务已启动: deviceId=69d75b1d7f2e6c302f654fea_20031104, intervalMs=5000, onDurationMs=1000
2026-04-17T09:10:59.179+08:00  INFO 24344 --- [threshold-alert-audit-service] [   scheduling-1] c.s.t.service.ThresholdAutoPollService   : 自动轮询触发阈值告警: deviceId=69d75b1d7f2e6c302f654fea_20031104, alertCount=3
2026-04-17T09:10:59.995+08:00  INFO 24344 --- [threshold-alert-audit-service] [pool-1-thread-1] c.s.t.service.ThresholdAlertService      : 阈值告警已触发联动命令: deviceId=69d75b1d7f2e6c302f654fea_20031104, alertCount=3, requestId=threshold-alert-fe45c6a4-1a3e-4155-965b-6d89d865e9dd, commandType=LIGHT_CONTROL, paramKey=Light, paramValue=ON, status=200
2026-04-17T09:11:01.335+08:00  INFO 24344 --- [threshold-alert-audit-service] [pool-1-thread-1] c.s.t.service.ThresholdAlertService      : 阈值告警已触发联动命令: deviceId=69d75b1d7f2e6c302f654fea_20031104, alertCount=3, requestId=threshold-alert-7e2cb97c-1fe9-4b28-96cb-b3b2b44113bb, commandType=LIGHT_CONTROL, paramKey=Light, paramValue=OFF, status=200
2026-04-17T09:11:05.376+08:00  INFO 24344 --- [threshold-alert-audit-service] [pool-1-thread-2] c.s.t.service.ThresholdAlertService      : 阈值告警已触发联动命令: deviceId=69d75b1d7f2e6c302f654fea_20031104, alertCount=3, requestId=threshold-alert-ae432b3e-2d50-4344-af60-378013cc0a0c, commandType=LIGHT_CONTROL, paramKey=Light, paramValue=ON, status=200
2026-04-17T09:11:06.707+08:00  INFO 24344 --- [threshold-alert-audit-service] [pool-1-thread-2] c.s.t.service.ThresholdAlertService      : 阈值告警已触发联动命令: deviceId=69d75b1d7f2e6c302f654fea_20031104, alertCount=3, requestId=threshold-alert-08c01327-6bd8-4f59-9b5d-04587b6b1dcc, commandType=LIGHT_CONTROL, paramKey=Light, paramValue=OFF, status=200
2026-04-17T09:11:10.597+08:00  INFO 24344 --- [threshold-alert-audit-service] [pool-1-thread-1] c.s.t.service.ThresholdAlertService      : 阈值告警已触发联动命令: deviceId=69d75b1d7f2e6c302f654fea_20031104, alertCount=3, requestId=threshold-alert-ba8c76de-51c6-4dbb-830e-31ac75fc0087, commandType=LIGHT_CONTROL, paramKey=Light, paramValue=ON, status=200
2026-04-17T09:11:12.135+08:00  INFO 24344 --- [threshold-alert-audit-service] [pool-1-thread-1] c.s.t.service.ThresholdAlertService      : 阈值告警已触发联动命令: deviceId=69d75b1d7f2e6c302f654fea_20031104, alertCount=3, requestId=threshold-alert-16a42844-66fb-47fc-b211-2deea74234de, commandType=LIGHT_CONTROL, paramKey=Light, paramValue=OFF, status=200
2026-04-17T09:11:15.933+08:00  INFO 24344 --- [threshold-alert-audit-service] [pool-1-thread-2] c.s.t.service.ThresholdAlertService      : 阈值告警已触发联动命令: deviceId=69d75b1d7f2e6c302f654fea_20031104, alertCount=3, requestId=threshold-alert-965378aa-139e-4bc0-be4a-18d7d29154b7, commandType=LIGHT_CONTROL, paramKey=Light, paramValue=ON, status=200
2026-04-17T09:11:17.247+08:00  INFO 24344 --- [threshold-alert-audit-service] [pool-1-thread-2] c.s.t.service.ThresholdAlertService      : 阈值告警已触发联动命令: deviceId=69d75b1d7f2e6c302f654fea_20031104, alertCount=3, requestId=threshold-alert-ae274f2f-bf15-499c-84a8-0aa37f3a91ba, commandType=LIGHT_CONTROL, paramKey=Light, paramValue=OFF, status=200
2026-04-17T09:11:21.187+08:00  INFO 24344 --- [threshold-alert-audit-service] [pool-1-thread-1] c.s.t.service.ThresholdAlertService      : 阈值告警已触发联动命令: deviceId=69d75b1d7f2e6c302f654fea_20031104, alertCount=3, requestId=threshold-alert-3d464a47-7608-43ee-b10a-3a15384897f5, commandType=LIGHT_CONTROL, paramKey=Light, paramValue=ON, status=200
2026-04-17T09:11:22.474+08:00  INFO 24344 --- [threshold-alert-audit-service] [pool-1-thread-1] c.s.t.service.ThresholdAlertService      : 阈值告警已触发联动命令: deviceId=69d75b1d7f2e6c302f654fea_20031104, alertCount=3, requestId=threshold-alert-aaa2e39f-49b6-481b-a5a8-9b325cac0bf1, commandType=LIGHT_CONTROL, paramKey=Light, paramValue=OFF, status=200
